<?xml version="1.0" encoding="UTF-8"?>
<!-- Generated by org.testng.reporters.JUnitReportReporter -->
<testsuite skipped="0" hostname="DEV008" name="tests.NewTest" tests="1" failures="0" timestamp="2019-09-20T13:40:41 IST" time="5.555" errors="0">
  <testcase name="openMyBlog" time="5.555" classname="tests.NewTest"/>
</testsuite> <!-- tests.NewTest -->
